CRITICAL - 2026-04-01 05:59:26 --> CodeIgniter\View\Exceptions\ViewException: Invalid file: "v_home.php"
[Method: GET, Route: /]
in SYSTEMPATH\Exceptions\FrameworkException.php on line 39.
 1 SYSTEMPATH\View\View.php(228): CodeIgniter\Exceptions\FrameworkException::forInvalidFile('v_home.php')
 2 SYSTEMPATH\Common.php(1250): CodeIgniter\View\View->render('v_home', [], true)
 3 APPPATH\Controllers\Home.php(9): view('v_home')
 4 SYSTEMPATH\CodeIgniter.php(951): App\Controllers\Home->index()
 5 SYSTEMPATH\CodeIgniter.php(497): CodeIgniter\CodeIgniter->runController(Object(App\Controllers\Home))
 6 SYSTEMPATH\CodeIgniter.php(340): CodeIgniter\CodeIgniter->handleRequest(null, Object(Config\Cache), false)
 7 SYSTEMPATH\Boot.php(417): CodeIgniter\CodeIgniter->run()
 8 SYSTEMPATH\Boot.php(68): CodeIgniter\Boot::runCodeIgniter(Object(CodeIgniter\CodeIgniter))
 9 FCPATH\index.php(59): CodeIgniter\Boot::bootWeb(Object(Config\Paths))
10 SYSTEMPATH\rewrite.php(44): require_once('D:\\Kuliah WEB\\Composser Project\\CI\\CI\\public\\index.php')
CRITICAL - 2026-04-01 05:59:30 --> CodeIgniter\View\Exceptions\ViewException: Invalid file: "v_home.php"
[Method: GET, Route: /]
in SYSTEMPATH\Exceptions\FrameworkException.php on line 39.
 1 SYSTEMPATH\View\View.php(228): CodeIgniter\Exceptions\FrameworkException::forInvalidFile('v_home.php')
 2 SYSTEMPATH\Common.php(1250): CodeIgniter\View\View->render('v_home', [], true)
 3 APPPATH\Controllers\Home.php(9): view('v_home')
 4 SYSTEMPATH\CodeIgniter.php(951): App\Controllers\Home->index()
 5 SYSTEMPATH\CodeIgniter.php(497): CodeIgniter\CodeIgniter->runController(Object(App\Controllers\Home))
 6 SYSTEMPATH\CodeIgniter.php(340): CodeIgniter\CodeIgniter->handleRequest(null, Object(Config\Cache), false)
 7 SYSTEMPATH\Boot.php(417): CodeIgniter\CodeIgniter->run()
 8 SYSTEMPATH\Boot.php(68): CodeIgniter\Boot::runCodeIgniter(Object(CodeIgniter\CodeIgniter))
 9 FCPATH\index.php(59): CodeIgniter\Boot::bootWeb(Object(Config\Paths))
10 SYSTEMPATH\rewrite.php(44): require_once('D:\\Kuliah WEB\\Composser Project\\CI\\CI\\public\\index.php')
CRITICAL - 2026-04-01 05:59:39 --> CodeIgniter\View\Exceptions\ViewException: Invalid file: "v_home.php"
[Method: GET, Route: /]
in SYSTEMPATH\Exceptions\FrameworkException.php on line 39.
 1 SYSTEMPATH\View\View.php(228): CodeIgniter\Exceptions\FrameworkException::forInvalidFile('v_home.php')
 2 SYSTEMPATH\Common.php(1250): CodeIgniter\View\View->render('v_home', [], true)
 3 APPPATH\Controllers\Home.php(9): view('v_home')
 4 SYSTEMPATH\CodeIgniter.php(951): App\Controllers\Home->index()
 5 SYSTEMPATH\CodeIgniter.php(497): CodeIgniter\CodeIgniter->runController(Object(App\Controllers\Home))
 6 SYSTEMPATH\CodeIgniter.php(340): CodeIgniter\CodeIgniter->handleRequest(null, Object(Config\Cache), false)
 7 SYSTEMPATH\Boot.php(417): CodeIgniter\CodeIgniter->run()
 8 SYSTEMPATH\Boot.php(68): CodeIgniter\Boot::runCodeIgniter(Object(CodeIgniter\CodeIgniter))
 9 FCPATH\index.php(59): CodeIgniter\Boot::bootWeb(Object(Config\Paths))
10 SYSTEMPATH\rewrite.php(44): require_once('D:\\Kuliah WEB\\Composser Project\\CI\\CI\\public\\index.php')
CRITICAL - 2026-04-01 06:00:07 --> CodeIgniter\View\Exceptions\ViewException: Invalid file: "v_home.php"
[Method: GET, Route: /]
in SYSTEMPATH\Exceptions\FrameworkException.php on line 39.
 1 SYSTEMPATH\View\View.php(228): CodeIgniter\Exceptions\FrameworkException::forInvalidFile('v_home.php')
 2 SYSTEMPATH\Common.php(1250): CodeIgniter\View\View->render('v_home', [], true)
 3 APPPATH\Controllers\Home.php(9): view('v_home')
 4 SYSTEMPATH\CodeIgniter.php(951): App\Controllers\Home->index()
 5 SYSTEMPATH\CodeIgniter.php(497): CodeIgniter\CodeIgniter->runController(Object(App\Controllers\Home))
 6 SYSTEMPATH\CodeIgniter.php(340): CodeIgniter\CodeIgniter->handleRequest(null, Object(Config\Cache), false)
 7 SYSTEMPATH\Boot.php(417): CodeIgniter\CodeIgniter->run()
 8 SYSTEMPATH\Boot.php(68): CodeIgniter\Boot::runCodeIgniter(Object(CodeIgniter\CodeIgniter))
 9 FCPATH\index.php(59): CodeIgniter\Boot::bootWeb(Object(Config\Paths))
10 SYSTEMPATH\rewrite.php(44): require_once('D:\\Kuliah WEB\\Composser Project\\CI\\CI\\public\\index.php')
CRITICAL - 2026-04-01 06:00:08 --> CodeIgniter\View\Exceptions\ViewException: Invalid file: "v_home.php"
[Method: GET, Route: /]
in SYSTEMPATH\Exceptions\FrameworkException.php on line 39.
 1 SYSTEMPATH\View\View.php(228): CodeIgniter\Exceptions\FrameworkException::forInvalidFile('v_home.php')
 2 SYSTEMPATH\Common.php(1250): CodeIgniter\View\View->render('v_home', [], true)
 3 APPPATH\Controllers\Home.php(9): view('v_home')
 4 SYSTEMPATH\CodeIgniter.php(951): App\Controllers\Home->index()
 5 SYSTEMPATH\CodeIgniter.php(497): CodeIgniter\CodeIgniter->runController(Object(App\Controllers\Home))
 6 SYSTEMPATH\CodeIgniter.php(340): CodeIgniter\CodeIgniter->handleRequest(null, Object(Config\Cache), false)
 7 SYSTEMPATH\Boot.php(417): CodeIgniter\CodeIgniter->run()
 8 SYSTEMPATH\Boot.php(68): CodeIgniter\Boot::runCodeIgniter(Object(CodeIgniter\CodeIgniter))
 9 FCPATH\index.php(59): CodeIgniter\Boot::bootWeb(Object(Config\Paths))
10 SYSTEMPATH\rewrite.php(44): require_once('D:\\Kuliah WEB\\Composser Project\\CI\\CI\\public\\index.php')
CRITICAL - 2026-04-01 06:00:19 --> CodeIgniter\View\Exceptions\ViewException: Invalid file: "v_home.php"
[Method: GET, Route: /]
in SYSTEMPATH\Exceptions\FrameworkException.php on line 39.
 1 SYSTEMPATH\View\View.php(228): CodeIgniter\Exceptions\FrameworkException::forInvalidFile('v_home.php')
 2 SYSTEMPATH\Common.php(1250): CodeIgniter\View\View->render('v_home', [], true)
 3 APPPATH\Controllers\Home.php(9): view('v_home')
 4 SYSTEMPATH\CodeIgniter.php(951): App\Controllers\Home->index()
 5 SYSTEMPATH\CodeIgniter.php(497): CodeIgniter\CodeIgniter->runController(Object(App\Controllers\Home))
 6 SYSTEMPATH\CodeIgniter.php(340): CodeIgniter\CodeIgniter->handleRequest(null, Object(Config\Cache), false)
 7 SYSTEMPATH\Boot.php(417): CodeIgniter\CodeIgniter->run()
 8 SYSTEMPATH\Boot.php(68): CodeIgniter\Boot::runCodeIgniter(Object(CodeIgniter\CodeIgniter))
 9 FCPATH\index.php(59): CodeIgniter\Boot::bootWeb(Object(Config\Paths))
10 SYSTEMPATH\rewrite.php(44): require_once('D:\\Kuliah WEB\\Composser Project\\CI\\CI\\public\\index.php')
CRITICAL - 2026-04-01 06:00:33 --> CodeIgniter\View\Exceptions\ViewException: Invalid file: "v_home.php"
[Method: GET, Route: /]
in SYSTEMPATH\Exceptions\FrameworkException.php on line 39.
 1 SYSTEMPATH\View\View.php(228): CodeIgniter\Exceptions\FrameworkException::forInvalidFile('v_home.php')
 2 SYSTEMPATH\Common.php(1250): CodeIgniter\View\View->render('v_home', [], true)
 3 APPPATH\Controllers\Home.php(9): view('v_home')
 4 SYSTEMPATH\CodeIgniter.php(951): App\Controllers\Home->index()
 5 SYSTEMPATH\CodeIgniter.php(497): CodeIgniter\CodeIgniter->runController(Object(App\Controllers\Home))
 6 SYSTEMPATH\CodeIgniter.php(340): CodeIgniter\CodeIgniter->handleRequest(null, Object(Config\Cache), false)
 7 SYSTEMPATH\Boot.php(417): CodeIgniter\CodeIgniter->run()
 8 SYSTEMPATH\Boot.php(68): CodeIgniter\Boot::runCodeIgniter(Object(CodeIgniter\CodeIgniter))
 9 FCPATH\index.php(59): CodeIgniter\Boot::bootWeb(Object(Config\Paths))
10 SYSTEMPATH\rewrite.php(44): require_once('D:\\Kuliah WEB\\Composser Project\\CI\\CI\\public\\index.php')
CRITICAL - 2026-04-01 06:01:01 --> CodeIgniter\View\Exceptions\ViewException: Invalid file: "v_home.php"
[Method: GET, Route: /]
in SYSTEMPATH\Exceptions\FrameworkException.php on line 39.
 1 SYSTEMPATH\View\View.php(228): CodeIgniter\Exceptions\FrameworkException::forInvalidFile('v_home.php')
 2 SYSTEMPATH\Common.php(1250): CodeIgniter\View\View->render('v_home', [], true)
 3 APPPATH\Controllers\Home.php(9): view('v_home')
 4 SYSTEMPATH\CodeIgniter.php(951): App\Controllers\Home->index()
 5 SYSTEMPATH\CodeIgniter.php(497): CodeIgniter\CodeIgniter->runController(Object(App\Controllers\Home))
 6 SYSTEMPATH\CodeIgniter.php(340): CodeIgniter\CodeIgniter->handleRequest(null, Object(Config\Cache), false)
 7 SYSTEMPATH\Boot.php(417): CodeIgniter\CodeIgniter->run()
 8 SYSTEMPATH\Boot.php(68): CodeIgniter\Boot::runCodeIgniter(Object(CodeIgniter\CodeIgniter))
 9 FCPATH\index.php(59): CodeIgniter\Boot::bootWeb(Object(Config\Paths))
10 SYSTEMPATH\rewrite.php(44): require_once('D:\\Kuliah WEB\\Composser Project\\CI\\CI\\public\\index.php')
CRITICAL - 2026-04-01 06:05:26 --> ErrorException: Undefined variable $xyz
[Method: GET, Route: /]
in APPPATH\Views\v_home.php on line 7.
 1 APPPATH\Views\v_home.php(7): CodeIgniter\Debug\Exceptions->errorHandler(2, 'Undefined variable $xyz', 'D:\\Kuliah WEB\\Composser Project\\CI\\CI\\app\\Views\\v_home.php', 7)
 2 SYSTEMPATH\View\View.php(240): include('D:\\Kuliah WEB\\Composser Project\\CI\\CI\\app\\Views\\v_home.php')
 3 SYSTEMPATH\View\View.php(243): CodeIgniter\View\View->CodeIgniter\View\{closure}()
 4 SYSTEMPATH\Common.php(1250): CodeIgniter\View\View->render('v_home', [], true)
 5 APPPATH\Controllers\Home.php(9): view('v_home')
 6 SYSTEMPATH\CodeIgniter.php(951): App\Controllers\Home->index()
 7 SYSTEMPATH\CodeIgniter.php(497): CodeIgniter\CodeIgniter->runController(Object(App\Controllers\Home))
 8 SYSTEMPATH\CodeIgniter.php(340): CodeIgniter\CodeIgniter->handleRequest(null, Object(Config\Cache), false)
 9 SYSTEMPATH\Boot.php(417): CodeIgniter\CodeIgniter->run()
10 SYSTEMPATH\Boot.php(68): CodeIgniter\Boot::runCodeIgniter(Object(CodeIgniter\CodeIgniter))
11 FCPATH\index.php(59): CodeIgniter\Boot::bootWeb(Object(Config\Paths))
12 SYSTEMPATH\rewrite.php(44): require_once('D:\\Kuliah WEB\\Composser Project\\CI\\CI\\public\\index.php')
CRITICAL - 2026-04-01 06:07:09 --> ErrorException: Undefined variable $xyz
[Method: GET, Route: /]
in APPPATH\Views\v_home.php on line 7.
 1 APPPATH\Views\v_home.php(7): CodeIgniter\Debug\Exceptions->errorHandler(2, 'Undefined variable $xyz', 'D:\\Kuliah WEB\\Composser Project\\CI\\CI\\app\\Views\\v_home.php', 7)
 2 SYSTEMPATH\View\View.php(240): include('D:\\Kuliah WEB\\Composser Project\\CI\\CI\\app\\Views\\v_home.php')
 3 SYSTEMPATH\View\View.php(243): CodeIgniter\View\View->CodeIgniter\View\{closure}()
 4 SYSTEMPATH\Common.php(1250): CodeIgniter\View\View->render('v_home', [], true)
 5 APPPATH\Controllers\Home.php(9): view('v_home')
 6 SYSTEMPATH\CodeIgniter.php(951): App\Controllers\Home->index()
 7 SYSTEMPATH\CodeIgniter.php(497): CodeIgniter\CodeIgniter->runController(Object(App\Controllers\Home))
 8 SYSTEMPATH\CodeIgniter.php(340): CodeIgniter\CodeIgniter->handleRequest(null, Object(Config\Cache), false)
 9 SYSTEMPATH\Boot.php(417): CodeIgniter\CodeIgniter->run()
10 SYSTEMPATH\Boot.php(68): CodeIgniter\Boot::runCodeIgniter(Object(CodeIgniter\CodeIgniter))
11 FCPATH\index.php(59): CodeIgniter\Boot::bootWeb(Object(Config\Paths))
12 SYSTEMPATH\rewrite.php(44): require_once('D:\\Kuliah WEB\\Composser Project\\CI\\CI\\public\\index.php')
